<?xml version="1.0" encoding="UTF-8"?>
<!-- Generated by org.testng.reporters.JUnitReportReporter -->
<testsuite skipped="0" hostname="DESKTOP-BUEBAV8" name="com.training.sanity.tests.RETC_039" tests="1" failures="0" timestamp="12 Mar 2020 10:24:00 GMT" time="49.717" errors="0">
  <testcase name="validLoginTest" time="49.717" classname="com.training.sanity.tests.RETC_039"/>
</testsuite> <!-- com.training.sanity.tests.RETC_039 -->
