<?xml version="1.0" encoding="UTF-8"?>
<!-- Generated by org.testng.reporters.JUnitReportReporter -->
<testsuite skipped="0" hostname="DESKTOP-BUEBAV8" name="com.training.sanity.tests.RETC_008" tests="1" failures="0" timestamp="11 Mar 2020 10:23:10 GMT" time="50.124" errors="0">
  <testcase name="validLoginTest" time="50.124" classname="com.training.sanity.tests.RETC_008"/>
</testsuite> <!-- com.training.sanity.tests.RETC_008 -->
