<?xml version="1.0" encoding="UTF-8"?>
<!-- Generated by org.testng.reporters.JUnitReportReporter -->
<testsuite skipped="0" hostname="DESKTOP-BUEBAV8" name="com.training.sanity.tests.RETC_060" tests="1" failures="0" timestamp="14 Mar 2020 16:25:09 GMT" time="49.050" errors="0">
  <testcase name="validLoginTest" time="49.050" classname="com.training.sanity.tests.RETC_060"/>
</testsuite> <!-- com.training.sanity.tests.RETC_060 -->
