<?xml version="1.0" encoding="UTF-8"?>
<!-- Generated by org.testng.reporters.JUnitReportReporter -->
<testsuite skipped="0" hostname="DESKTOP-BUEBAV8" name="com.training.sanity.tests.RETC_067" tests="1" failures="0" timestamp="15 Mar 2020 10:15:01 GMT" time="37.167" errors="0">
  <testcase name="validLoginTest" time="37.167" classname="com.training.sanity.tests.RETC_067"/>
</testsuite> <!-- com.training.sanity.tests.RETC_067 -->
