<?xml version="1.0" encoding="UTF-8"?>
<!-- Generated by org.testng.reporters.JUnitReportReporter -->
<testsuite skipped="0" hostname="DESKTOP-BUEBAV8" name="com.training.sanity.tests.RETC_008" tests="1" failures="0" timestamp="14 Mar 2020 20:24:58 GMT" time="36.540" errors="0">
  <testcase name="validLoginTest" time="36.540" classname="com.training.sanity.tests.RETC_008"/>
</testsuite> <!-- com.training.sanity.tests.RETC_008 -->
