<?xml version="1.0" encoding="UTF-8"?>
<!-- Generated by org.testng.reporters.JUnitReportReporter -->
<testsuite skipped="0" hostname="DESKTOP-BUEBAV8" name="com.training.sanity.tests.RETC_037" tests="1" failures="0" timestamp="10 Mar 2020 18:43:59 GMT" time="40.689" errors="0">
  <testcase name="validLoginTest" time="40.689" classname="com.training.sanity.tests.RETC_037"/>
</testsuite> <!-- com.training.sanity.tests.RETC_037 -->
