<?xml version="1.0" encoding="UTF-8"?>
<!-- Generated by org.testng.reporters.JUnitReportReporter -->
<testsuite skipped="0" hostname="DESKTOP-BUEBAV8" name="com.training.sanity.tests.RETC_007" tests="1" failures="0" timestamp="16 Mar 2020 09:06:16 GMT" time="29.779" errors="0">
  <testcase name="validLoginTest" time="29.779" classname="com.training.sanity.tests.RETC_007"/>
</testsuite> <!-- com.training.sanity.tests.RETC_007 -->
