<?xml version="1.0" encoding="UTF-8"?>
<!-- Generated by org.testng.reporters.JUnitReportReporter -->
<testsuite skipped="0" hostname="DESKTOP-BUEBAV8" name="com.training.sanity.tests.RETC_007" tests="1" failures="0" timestamp="09 Mar 2020 18:41:57 GMT" time="32.656" errors="0">
  <testcase name="validLoginTest" time="32.656" classname="com.training.sanity.tests.RETC_007"/>
</testsuite> <!-- com.training.sanity.tests.RETC_007 -->
