<?xml version="1.0" encoding="UTF-8"?>
<!-- Generated by org.testng.reporters.JUnitReportReporter -->
<testsuite skipped="0" hostname="DESKTOP-BUEBAV8" name="com.training.regression.tests.RETC_061_DBTest" tests="3" failures="0" timestamp="14 Mar 2020 21:35:56 GMT" time="97.202" errors="0">
  <testcase name="RETC_060_DBTest" time="30.253" classname="com.training.regression.tests.RETC_061_DBTest"/>
  <testcase name="RETC_060_DBTest" time="30.069" classname="com.training.regression.tests.RETC_061_DBTest"/>
  <testcase name="RETC_060_DBTest" time="36.880" classname="com.training.regression.tests.RETC_061_DBTest"/>
</testsuite> <!-- com.training.regression.tests.RETC_061_DBTest -->
